Arguments: 
  /home/jobayerdev/.nvm/versions/node/v16.15.1/bin/node /home/jobayerdev/.nvm/versions/node/v16.15.1/bin/yarn add axios

PATH: 
  /home/jobayerdev/.nvm/versions/node/v16.15.1/bin:/usr/local/sbin:/usr/local/bin:/usr/sbin:/usr/bin:/sbin:/bin:/usr/games:/usr/local/games:/snap/bin:/usr/lib/dart/bin:/home/jobayerdev/Android/Sdk/emulator:/home/jobayerdev/Android/Sdk/tools:/home/jobayerdev/Android/Sdk/tools/bin:/home/jobayerdev/Android/Sdk/platform-tools:/usr/lib/dart/bin:/home/jobayerdev/Android/Sdk/emulator:/home/jobayerdev/Android/Sdk/tools:/home/jobayerdev/Android/Sdk/tools/bin:/home/jobayerdev/Android/Sdk/platform-tools

Yarn version: 
  1.22.19

Node version: 
  16.15.1

Platform: 
  linux x64

Trace: 
  Error: https://registry.npmjs.org/preversion: Not found
      at Request.params.callback [as _callback] (/home/jobayerdev/.nvm/versions/node/v16.15.1/lib/node_modules/yarn/lib/cli.js:66145:18)
      at Request.self.callback (/home/jobayerdev/.nvm/versions/node/v16.15.1/lib/node_modules/yarn/lib/cli.js:140890:22)
      at Request.emit (node:events:527:28)
      at Request.<anonymous> (/home/jobayerdev/.nvm/versions/node/v16.15.1/lib/node_modules/yarn/lib/cli.js:141862:10)
      at Request.emit (node:events:527:28)
      at IncomingMessage.<anonymous> (/home/jobayerdev/.nvm/versions/node/v16.15.1/lib/node_modules/yarn/lib/cli.js:141784:12)
      at Object.onceWrapper (node:events:641:28)
      at IncomingMessage.emit (node:events:539:35)
      at endReadableNT (node:internal/streams/readable:1345:12)
      at processTicksAndRejections (node:internal/process/task_queues:83:21)

npm manifest: 
  {
    "name": "tossify",
    "version": "1.0.2",
    "repository": "git@github.com:Jobayerdev/tossify.git",
    "author": "Jobayer Hossain <jobayerhossain977@gmail.com>",
    "license": "MIT",
    "dependencies": {
      "@types/node": "^17.0.42",
      "ts-node": "^10.8.1",
      "tslib": "^2.4.0",
      "typescript": "^4.7.3"
    },
    "main": "dist/index.js",
    "types": "dist/index.d.ts",
    "scripts": {
      "build": "tsc",
      "format": "prettier --write \"src/**/*.ts\" \"src/**/*.js\""
    },
    "devDependencies": {
      "prettier": "^2.7.1",
      "tslint": "^6.1.3",
      "tslint-config-prettier": "^1.18.0",
      "preversion": "npm run lint",
      "version": "npm run format && git add -A src",
      "postversion": "git push && git push --tags"
    }
  }

yarn manifest: 
  No manifest

Lockfile: 
  No lockfile
